{"C:\\Users\\win10\\Desktop\\barber-booking\\src\\App.jsx": {"path":"C:\\Users\\win10\\Desktop\\barber-booking\\src\\App.jsx","statementMap":{"0":{"start":{"line":15,"column":2},"end":{"line":33,"column":null}}},"fnMap":{"0":{"name":"App","decl":{"start":{"line":14,"column":9},"end":{"line":14,"column":15}},"loc":{"start":{"line":14,"column":15},"end":{"line":35,"column":null}},"line":14}},"branchMap":{},"s":{"0":1},"f":{"0":1},"b":{},"meta":{"lastBranch":0,"lastFunction":1,"lastStatement":1,"seen":{"f:14:9:14:15":0,"s:15:2:33:Infinity":0}}}
,"C:\\Users\\win10\\Desktop\\barber-booking\\src\\api\\holidays.js": {"path":"C:\\Users\\win10\\Desktop\\barber-booking\\src\\api\\holidays.js","statementMap":{"0":{"start":{"line":1,"column":22},"end":{"line":1,"column":null}},"1":{"start":{"line":4,"column":2},"end":{"line":6,"column":null}},"2":{"start":{"line":5,"column":4},"end":{"line":5,"column":null}},"3":{"start":{"line":8,"column":19},"end":{"line":10,"column":null}},"4":{"start":{"line":12,"column":2},"end":{"line":14,"column":null}},"5":{"start":{"line":13,"column":4},"end":{"line":13,"column":null}},"6":{"start":{"line":16,"column":15},"end":{"line":16,"column":null}},"7":{"start":{"line":17,"column":2},"end":{"line":17,"column":null}},"8":{"start":{"line":18,"column":2},"end":{"line":18,"column":null}}},"fnMap":{"0":{"name":"getHolidays","decl":{"start":{"line":3,"column":22},"end":{"line":3,"column":33}},"loc":{"start":{"line":3,"column":40},"end":{"line":19,"column":null}},"line":3}},"branchMap":{"0":{"loc":{"start":{"line":4,"column":2},"end":{"line":6,"column":null}},"type":"if","locations":[{"start":{"line":4,"column":2},"end":{"line":6,"column":null}},{"start":{},"end":{}}],"line":4},"1":{"loc":{"start":{"line":12,"column":2},"end":{"line":14,"column":null}},"type":"if","locations":[{"start":{"line":12,"column":2},"end":{"line":14,"column":null}},{"start":{},"end":{}}],"line":12}},"s":{"0":1,"1":0,"2":0,"3":0,"4":0,"5":0,"6":0,"7":0,"8":0},"f":{"0":0},"b":{"0":[0,0],"1":[0,0]},"meta":{"lastBranch":2,"lastFunction":1,"lastStatement":9,"seen":{"s:1:22:1:Infinity":0,"f:3:22:3:33":0,"b:4:2:6:Infinity:undefined:undefined:undefined:undefined":0,"s:4:2:6:Infinity":1,"s:5:4:5:Infinity":2,"s:8:19:10:Infinity":3,"b:12:2:14:Infinity:undefined:undefined:undefined:undefined":1,"s:12:2:14:Infinity":4,"s:13:4:13:Infinity":5,"s:16:15:16:Infinity":6,"s:17:2:17:Infinity":7,"s:18:2:18:Infinity":8}}}
,"C:\\Users\\win10\\Desktop\\barber-booking\\src\\api\\http.js": {"path":"C:\\Users\\win10\\Desktop\\barber-booking\\src\\api\\http.js","statementMap":{"0":{"start":{"line":1,"column":17},"end":{"line":1,"column":null}},"1":{"start":{"line":4,"column":19},"end":{"line":4,"column":null}},"2":{"start":{"line":6,"column":2},"end":{"line":10,"column":null}},"3":{"start":{"line":7,"column":18},"end":{"line":7,"column":null}},"4":{"start":{"line":8,"column":4},"end":{"line":8,"column":null}},"5":{"start":{"line":9,"column":4},"end":{"line":9,"column":null}},"6":{"start":{"line":12,"column":15},"end":{"line":12,"column":null}},"7":{"start":{"line":13,"column":2},"end":{"line":13,"column":null}},"8":{"start":{"line":17,"column":2},"end":{"line":17,"column":null}},"9":{"start":{"line":21,"column":2},"end":{"line":32,"column":null}},"10":{"start":{"line":36,"column":2},"end":{"line":38,"column":null}},"11":{"start":{"line":42,"column":2},"end":{"line":42,"column":null}},"12":{"start":{"line":46,"column":16},"end":{"line":46,"column":null}},"13":{"start":{"line":47,"column":2},"end":{"line":47,"column":null}},"14":{"start":{"line":47,"column":32},"end":{"line":47,"column":55}},"15":{"start":{"line":51,"column":2},"end":{"line":51,"column":null}},"16":{"start":{"line":55,"column":2},"end":{"line":65,"column":null}},"17":{"start":{"line":69,"column":2},"end":{"line":75,"column":null}},"18":{"start":{"line":79,"column":2},"end":{"line":85,"column":null}},"19":{"start":{"line":89,"column":2},"end":{"line":89,"column":null}},"20":{"start":{"line":93,"column":2},"end":{"line":95,"column":null}},"21":{"start":{"line":99,"column":2},"end":{"line":99,"column":null}}},"fnMap":{"0":{"name":"request","decl":{"start":{"line":3,"column":15},"end":{"line":3,"column":22}},"loc":{"start":{"line":3,"column":43},"end":{"line":14,"column":null}},"line":3},"1":{"name":"getServices","decl":{"start":{"line":16,"column":16},"end":{"line":16,"column":27}},"loc":{"start":{"line":16,"column":30},"end":{"line":18,"column":null}},"line":16},"2":{"name":"createService","decl":{"start":{"line":20,"column":16},"end":{"line":20,"column":29}},"loc":{"start":{"line":20,"column":70},"end":{"line":33,"column":null}},"line":20},"3":{"name":"deleteService","decl":{"start":{"line":35,"column":16},"end":{"line":35,"column":29}},"loc":{"start":{"line":35,"column":41},"end":{"line":39,"column":null}},"line":35},"4":{"name":"getServiceById","decl":{"start":{"line":41,"column":16},"end":{"line":41,"column":30}},"loc":{"start":{"line":41,"column":35},"end":{"line":43,"column":null}},"line":41},"5":{"name":"getTimeSlotsByService","decl":{"start":{"line":45,"column":22},"end":{"line":45,"column":43}},"loc":{"start":{"line":45,"column":55},"end":{"line":48,"column":null}},"line":45},"6":{"name":"(anonymous_6)","decl":{"start":{"line":47,"column":22},"end":{"line":47,"column":23}},"loc":{"start":{"line":47,"column":32},"end":{"line":47,"column":55}},"line":47},"7":{"name":"getAvailableTimeSlots","decl":{"start":{"line":50,"column":16},"end":{"line":50,"column":37}},"loc":{"start":{"line":50,"column":49},"end":{"line":52,"column":null}},"line":50},"8":{"name":"createReservation","decl":{"start":{"line":54,"column":16},"end":{"line":54,"column":33}},"loc":{"start":{"line":54,"column":72},"end":{"line":66,"column":null}},"line":54},"9":{"name":"markTimeSlotUnavailable","decl":{"start":{"line":68,"column":16},"end":{"line":68,"column":39}},"loc":{"start":{"line":68,"column":52},"end":{"line":76,"column":null}},"line":68},"10":{"name":"markTimeSlotAvailable","decl":{"start":{"line":78,"column":16},"end":{"line":78,"column":37}},"loc":{"start":{"line":78,"column":50},"end":{"line":86,"column":null}},"line":78},"11":{"name":"getReservationsByUser","decl":{"start":{"line":88,"column":16},"end":{"line":88,"column":37}},"loc":{"start":{"line":88,"column":49},"end":{"line":90,"column":null}},"line":88},"12":{"name":"deleteReservation","decl":{"start":{"line":92,"column":16},"end":{"line":92,"column":33}},"loc":{"start":{"line":92,"column":49},"end":{"line":96,"column":null}},"line":92},"13":{"name":"getTimeSlotById","decl":{"start":{"line":98,"column":16},"end":{"line":98,"column":31}},"loc":{"start":{"line":98,"column":44},"end":{"line":100,"column":null}},"line":98}},"branchMap":{"0":{"loc":{"start":{"line":3,"column":29},"end":{"line":3,"column":41}},"type":"default-arg","locations":[{"start":{"line":3,"column":39},"end":{"line":3,"column":41}}],"line":3},"1":{"loc":{"start":{"line":6,"column":2},"end":{"line":10,"column":null}},"type":"if","locations":[{"start":{"line":6,"column":2},"end":{"line":10,"column":null}},{"start":{},"end":{}}],"line":6},"2":{"loc":{"start":{"line":13,"column":9},"end":{"line":13,"column":null}},"type":"cond-expr","locations":[{"start":{"line":13,"column":16},"end":{"line":13,"column":32}},{"start":{"line":13,"column":35},"end":{"line":13,"column":null}}],"line":13}},"s":{"0":1,"1":0,"2":0,"3":0,"4":0,"5":0,"6":0,"7":0,"8":0,"9":0,"10":0,"11":0,"12":0,"13":0,"14":0,"15":0,"16":0,"17":0,"18":0,"19":0,"20":0,"21":0},"f":{"0":0,"1":0,"2":0,"3":0,"4":0,"5":0,"6":0,"7":0,"8":0,"9":0,"10":0,"11":0,"12":0,"13":0},"b":{"0":[0],"1":[0,0],"2":[0,0]},"meta":{"lastBranch":3,"lastFunction":14,"lastStatement":22,"seen":{"s:1:17:1:Infinity":0,"f:3:15:3:22":0,"b:3:39:3:41":0,"s:4:19:4:Infinity":1,"b:6:2:10:Infinity:undefined:undefined:undefined:undefined":1,"s:6:2:10:Infinity":2,"s:7:18:7:Infinity":3,"s:8:4:8:Infinity":4,"s:9:4:9:Infinity":5,"s:12:15:12:Infinity":6,"s:13:2:13:Infinity":7,"b:13:16:13:32:13:35:13:Infinity":2,"f:16:16:16:27":1,"s:17:2:17:Infinity":8,"f:20:16:20:29":2,"s:21:2:32:Infinity":9,"f:35:16:35:29":3,"s:36:2:38:Infinity":10,"f:41:16:41:30":4,"s:42:2:42:Infinity":11,"f:45:22:45:43":5,"s:46:16:46:Infinity":12,"s:47:2:47:Infinity":13,"f:47:22:47:23":6,"s:47:32:47:55":14,"f:50:16:50:37":7,"s:51:2:51:Infinity":15,"f:54:16:54:33":8,"s:55:2:65:Infinity":16,"f:68:16:68:39":9,"s:69:2:75:Infinity":17,"f:78:16:78:37":10,"s:79:2:85:Infinity":18,"f:88:16:88:37":11,"s:89:2:89:Infinity":19,"f:92:16:92:33":12,"s:93:2:95:Infinity":20,"f:98:16:98:31":13,"s:99:2:99:Infinity":21}}}
,"C:\\Users\\win10\\Desktop\\barber-booking\\src\\auth\\auth.js": {"path":"C:\\Users\\win10\\Desktop\\barber-booking\\src\\auth\\auth.js","statementMap":{"0":{"start":{"line":1,"column":25},"end":{"line":1,"column":null}},"1":{"start":{"line":4,"column":26},"end":{"line":4,"column":null}},"2":{"start":{"line":5,"column":15},"end":{"line":5,"column":null}},"3":{"start":{"line":7,"column":15},"end":{"line":10,"column":null}},"4":{"start":{"line":12,"column":2},"end":{"line":12,"column":null}},"5":{"start":{"line":13,"column":2},"end":{"line":13,"column":null}},"6":{"start":{"line":15,"column":2},"end":{"line":15,"column":null}},"7":{"start":{"line":19,"column":2},"end":{"line":19,"column":null}},"8":{"start":{"line":20,"column":2},"end":{"line":20,"column":null}},"9":{"start":{"line":24,"column":18},"end":{"line":24,"column":null}},"10":{"start":{"line":25,"column":2},"end":{"line":27,"column":null}},"11":{"start":{"line":26,"column":4},"end":{"line":26,"column":null}},"12":{"start":{"line":29,"column":2},"end":{"line":33,"column":null}},"13":{"start":{"line":30,"column":4},"end":{"line":30,"column":null}},"14":{"start":{"line":32,"column":4},"end":{"line":32,"column":null}}},"fnMap":{"0":{"name":"login","decl":{"start":{"line":3,"column":16},"end":{"line":3,"column":21}},"loc":{"start":{"line":3,"column":39},"end":{"line":16,"column":null}},"line":3},"1":{"name":"logout","decl":{"start":{"line":18,"column":16},"end":{"line":18,"column":22}},"loc":{"start":{"line":18,"column":25},"end":{"line":21,"column":null}},"line":18},"2":{"name":"getCurrentUser","decl":{"start":{"line":23,"column":16},"end":{"line":23,"column":30}},"loc":{"start":{"line":23,"column":33},"end":{"line":34,"column":1}},"line":23}},"branchMap":{"0":{"loc":{"start":{"line":5,"column":15},"end":{"line":5,"column":null}},"type":"cond-expr","locations":[{"start":{"line":5,"column":56},"end":{"line":5,"column":63}},{"start":{"line":5,"column":66},"end":{"line":5,"column":null}}],"line":5},"1":{"loc":{"start":{"line":25,"column":2},"end":{"line":27,"column":null}},"type":"if","locations":[{"start":{"line":25,"column":2},"end":{"line":27,"column":null}},{"start":{},"end":{}}],"line":25}},"s":{"0":2,"1":1,"2":1,"3":1,"4":1,"5":1,"6":1,"7":0,"8":0,"9":7,"10":7,"11":1,"12":6,"13":6,"14":0},"f":{"0":1,"1":0,"2":7},"b":{"0":[0,1],"1":[1,6]},"meta":{"lastBranch":2,"lastFunction":3,"lastStatement":15,"seen":{"s:1:25:1:Infinity":0,"f:3:16:3:21":0,"s:4:26:4:Infinity":1,"s:5:15:5:Infinity":2,"b:5:56:5:63:5:66:5:Infinity":0,"s:7:15:10:Infinity":3,"s:12:2:12:Infinity":4,"s:13:2:13:Infinity":5,"s:15:2:15:Infinity":6,"f:18:16:18:22":1,"s:19:2:19:Infinity":7,"s:20:2:20:Infinity":8,"f:23:16:23:30":2,"s:24:18:24:Infinity":9,"b:25:2:27:Infinity:undefined:undefined:undefined:undefined":1,"s:25:2:27:Infinity":10,"s:26:4:26:Infinity":11,"s:29:2:33:Infinity":12,"s:30:4:30:Infinity":13,"s:32:4:32:Infinity":14}}}
,"C:\\Users\\win10\\Desktop\\barber-booking\\src\\layout\\AppLayout.jsx": {"path":"C:\\Users\\win10\\Desktop\\barber-booking\\src\\layout\\AppLayout.jsx","statementMap":{"0":{"start":{"line":6,"column":22},"end":{"line":6,"column":null}},"1":{"start":{"line":8,"column":2},"end":{"line":20,"column":null}},"2":{"start":{"line":9,"column":21},"end":{"line":11,"column":null}},"3":{"start":{"line":10,"column":6},"end":{"line":10,"column":null}},"4":{"start":{"line":13,"column":4},"end":{"line":13,"column":null}},"5":{"start":{"line":14,"column":4},"end":{"line":14,"column":null}},"6":{"start":{"line":16,"column":4},"end":{"line":19,"column":null}},"7":{"start":{"line":17,"column":6},"end":{"line":17,"column":null}},"8":{"start":{"line":18,"column":6},"end":{"line":18,"column":null}},"9":{"start":{"line":22,"column":23},"end":{"line":25,"column":null}},"10":{"start":{"line":23,"column":4},"end":{"line":23,"column":null}},"11":{"start":{"line":24,"column":4},"end":{"line":24,"column":null}},"12":{"start":{"line":27,"column":2},"end":{"line":51,"column":null}}},"fnMap":{"0":{"name":"AppLayout","decl":{"start":{"line":5,"column":9},"end":{"line":5,"column":21}},"loc":{"start":{"line":5,"column":21},"end":{"line":53,"column":null}},"line":5},"1":{"name":"(anonymous_1)","decl":{"start":{"line":8,"column":12},"end":{"line":8,"column":18}},"loc":{"start":{"line":8,"column":18},"end":{"line":20,"column":5}},"line":8},"2":{"name":"(anonymous_2)","decl":{"start":{"line":9,"column":21},"end":{"line":9,"column":27}},"loc":{"start":{"line":9,"column":27},"end":{"line":11,"column":null}},"line":9},"3":{"name":"(anonymous_3)","decl":{"start":{"line":16,"column":11},"end":{"line":16,"column":17}},"loc":{"start":{"line":16,"column":17},"end":{"line":19,"column":null}},"line":16},"4":{"name":"(anonymous_4)","decl":{"start":{"line":22,"column":23},"end":{"line":22,"column":29}},"loc":{"start":{"line":22,"column":29},"end":{"line":25,"column":null}},"line":22}},"branchMap":{"0":{"loc":{"start":{"line":35,"column":11},"end":{"line":35,"column":null}},"type":"binary-expr","locations":[{"start":{"line":35,"column":11},"end":{"line":35,"column":20}},{"start":{"line":35,"column":20},"end":{"line":35,"column":null}}],"line":35},"1":{"loc":{"start":{"line":38,"column":11},"end":{"line":44,"column":null}},"type":"cond-expr","locations":[{"start":{"line":39,"column":12},"end":{"line":42,"column":null}},{"start":{"line":44,"column":12},"end":{"line":44,"column":null}}],"line":38}},"s":{"0":2,"1":2,"2":1,"3":1,"4":1,"5":1,"6":1,"7":1,"8":1,"9":2,"10":0,"11":0,"12":2},"f":{"0":2,"1":1,"2":1,"3":1,"4":0},"b":{"0":[2,1],"1":[1,1]},"meta":{"lastBranch":2,"lastFunction":5,"lastStatement":13,"seen":{"f:5:9:5:21":0,"s:6:22:6:Infinity":0,"s:8:2:20:Infinity":1,"f:8:12:8:18":1,"s:9:21:11:Infinity":2,"f:9:21:9:27":2,"s:10:6:10:Infinity":3,"s:13:4:13:Infinity":4,"s:14:4:14:Infinity":5,"s:16:4:19:Infinity":6,"f:16:11:16:17":3,"s:17:6:17:Infinity":7,"s:18:6:18:Infinity":8,"s:22:23:25:Infinity":9,"f:22:23:22:29":4,"s:23:4:23:Infinity":10,"s:24:4:24:Infinity":11,"s:27:2:51:Infinity":12,"b:35:11:35:20:35:20:35:Infinity":0,"b:39:12:42:Infinity:44:12:44:Infinity":1}}}
,"C:\\Users\\win10\\Desktop\\barber-booking\\src\\pages\\AdminDashboard.jsx": {"path":"C:\\Users\\win10\\Desktop\\barber-booking\\src\\pages\\AdminDashboard.jsx","statementMap":{"0":{"start":{"line":5,"column":30},"end":{"line":5,"column":null}},"1":{"start":{"line":6,"column":28},"end":{"line":6,"column":null}},"2":{"start":{"line":7,"column":24},"end":{"line":7,"column":null}},"3":{"start":{"line":8,"column":36},"end":{"line":8,"column":null}},"4":{"start":{"line":9,"column":34},"end":{"line":9,"column":null}},"5":{"start":{"line":10,"column":34},"end":{"line":10,"column":null}},"6":{"start":{"line":11,"column":30},"end":{"line":16,"column":null}},"7":{"start":{"line":18,"column":2},"end":{"line":46,"column":null}},"8":{"start":{"line":19,"column":19},"end":{"line":19,"column":null}},"9":{"start":{"line":21,"column":25},"end":{"line":39,"column":null}},"10":{"start":{"line":22,"column":6},"end":{"line":22,"column":null}},"11":{"start":{"line":23,"column":6},"end":{"line":23,"column":null}},"12":{"start":{"line":25,"column":6},"end":{"line":38,"column":null}},"13":{"start":{"line":26,"column":21},"end":{"line":26,"column":null}},"14":{"start":{"line":27,"column":8},"end":{"line":29,"column":null}},"15":{"start":{"line":28,"column":10},"end":{"line":28,"column":null}},"16":{"start":{"line":31,"column":8},"end":{"line":33,"column":null}},"17":{"start":{"line":32,"column":10},"end":{"line":32,"column":null}},"18":{"start":{"line":35,"column":8},"end":{"line":37,"column":null}},"19":{"start":{"line":36,"column":10},"end":{"line":36,"column":null}},"20":{"start":{"line":41,"column":4},"end":{"line":41,"column":null}},"21":{"start":{"line":43,"column":4},"end":{"line":45,"column":null}},"22":{"start":{"line":44,"column":6},"end":{"line":44,"column":null}},"23":{"start":{"line":48,"column":28},"end":{"line":51,"column":null}},"24":{"start":{"line":49,"column":28},"end":{"line":49,"column":null}},"25":{"start":{"line":50,"column":4},"end":{"line":50,"column":null}},"26":{"start":{"line":50,"column":27},"end":{"line":50,"column":54}},"27":{"start":{"line":53,"column":27},"end":{"line":72,"column":null}},"28":{"start":{"line":54,"column":4},"end":{"line":54,"column":null}},"29":{"start":{"line":55,"column":4},"end":{"line":55,"column":null}},"30":{"start":{"line":56,"column":4},"end":{"line":56,"column":null}},"31":{"start":{"line":58,"column":4},"end":{"line":71,"column":null}},"32":{"start":{"line":59,"column":22},"end":{"line":59,"column":null}},"33":{"start":{"line":60,"column":6},"end":{"line":60,"column":null}},"34":{"start":{"line":60,"column":28},"end":{"line":60,"column":46}},"35":{"start":{"line":61,"column":6},"end":{"line":66,"column":null}},"36":{"start":{"line":68,"column":6},"end":{"line":68,"column":null}},"37":{"start":{"line":70,"column":6},"end":{"line":70,"column":null}},"38":{"start":{"line":74,"column":30},"end":{"line":86,"column":null}},"39":{"start":{"line":75,"column":4},"end":{"line":75,"column":null}},"40":{"start":{"line":76,"column":4},"end":{"line":76,"column":null}},"41":{"start":{"line":78,"column":4},"end":{"line":85,"column":null}},"42":{"start":{"line":79,"column":6},"end":{"line":79,"column":null}},"43":{"start":{"line":80,"column":6},"end":{"line":80,"column":null}},"44":{"start":{"line":80,"column":28},"end":{"line":80,"column":78}},"45":{"start":{"line":80,"column":53},"end":{"line":80,"column":77}},"46":{"start":{"line":82,"column":6},"end":{"line":82,"column":null}},"47":{"start":{"line":84,"column":6},"end":{"line":84,"column":null}},"48":{"start":{"line":88,"column":2},"end":{"line":90,"column":null}},"49":{"start":{"line":89,"column":4},"end":{"line":89,"column":null}},"50":{"start":{"line":92,"column":2},"end":{"line":94,"column":null}},"51":{"start":{"line":93,"column":4},"end":{"line":93,"column":null}},"52":{"start":{"line":96,"column":2},"end":{"line":175,"column":null}},"53":{"start":{"line":106,"column":12},"end":{"line":115,"column":null}},"54":{"start":{"line":110,"column":31},"end":{"line":110,"column":null}}},"fnMap":{"0":{"name":"AdminDashboard","decl":{"start":{"line":4,"column":9},"end":{"line":4,"column":26}},"loc":{"start":{"line":4,"column":26},"end":{"line":177,"column":null}},"line":4},"1":{"name":"(anonymous_1)","decl":{"start":{"line":18,"column":12},"end":{"line":18,"column":18}},"loc":{"start":{"line":18,"column":18},"end":{"line":46,"column":5}},"line":18},"2":{"name":"(anonymous_2)","decl":{"start":{"line":21,"column":25},"end":{"line":21,"column":37}},"loc":{"start":{"line":21,"column":37},"end":{"line":39,"column":null}},"line":21},"3":{"name":"(anonymous_3)","decl":{"start":{"line":43,"column":11},"end":{"line":43,"column":17}},"loc":{"start":{"line":43,"column":17},"end":{"line":45,"column":null}},"line":43},"4":{"name":"(anonymous_4)","decl":{"start":{"line":48,"column":28},"end":{"line":48,"column":29}},"loc":{"start":{"line":48,"column":39},"end":{"line":51,"column":null}},"line":48},"5":{"name":"(anonymous_5)","decl":{"start":{"line":50,"column":16},"end":{"line":50,"column":17}},"loc":{"start":{"line":50,"column":27},"end":{"line":50,"column":54}},"line":50},"6":{"name":"(anonymous_6)","decl":{"start":{"line":53,"column":27},"end":{"line":53,"column":34}},"loc":{"start":{"line":53,"column":44},"end":{"line":72,"column":null}},"line":53},"7":{"name":"(anonymous_7)","decl":{"start":{"line":60,"column":18},"end":{"line":60,"column":19}},"loc":{"start":{"line":60,"column":28},"end":{"line":60,"column":46}},"line":60},"8":{"name":"(anonymous_8)","decl":{"start":{"line":74,"column":30},"end":{"line":74,"column":37}},"loc":{"start":{"line":74,"column":51},"end":{"line":86,"column":null}},"line":74},"9":{"name":"(anonymous_9)","decl":{"start":{"line":80,"column":18},"end":{"line":80,"column":19}},"loc":{"start":{"line":80,"column":28},"end":{"line":80,"column":78}},"line":80},"10":{"name":"(anonymous_10)","decl":{"start":{"line":80,"column":40},"end":{"line":80,"column":41}},"loc":{"start":{"line":80,"column":53},"end":{"line":80,"column":77}},"line":80},"11":{"name":"(anonymous_11)","decl":{"start":{"line":105,"column":24},"end":{"line":105,"column":25}},"loc":{"start":{"line":106,"column":12},"end":{"line":115,"column":null}},"line":106},"12":{"name":"(anonymous_12)","decl":{"start":{"line":110,"column":25},"end":{"line":110,"column":31}},"loc":{"start":{"line":110,"column":31},"end":{"line":110,"column":null}},"line":110}},"branchMap":{"0":{"loc":{"start":{"line":27,"column":8},"end":{"line":29,"column":null}},"type":"if","locations":[{"start":{"line":27,"column":8},"end":{"line":29,"column":null}},{"start":{},"end":{}}],"line":27},"1":{"loc":{"start":{"line":31,"column":8},"end":{"line":33,"column":null}},"type":"if","locations":[{"start":{"line":31,"column":8},"end":{"line":33,"column":null}},{"start":{},"end":{}}],"line":31},"2":{"loc":{"start":{"line":35,"column":8},"end":{"line":37,"column":null}},"type":"if","locations":[{"start":{"line":35,"column":8},"end":{"line":37,"column":null}},{"start":{},"end":{}}],"line":35},"3":{"loc":{"start":{"line":88,"column":2},"end":{"line":90,"column":null}},"type":"if","locations":[{"start":{"line":88,"column":2},"end":{"line":90,"column":null}},{"start":{},"end":{}}],"line":88},"4":{"loc":{"start":{"line":92,"column":2},"end":{"line":94,"column":null}},"type":"if","locations":[{"start":{"line":92,"column":2},"end":{"line":94,"column":null}},{"start":{},"end":{}}],"line":92},"5":{"loc":{"start":{"line":101,"column":7},"end":{"line":117,"column":null}},"type":"cond-expr","locations":[{"start":{"line":102,"column":8},"end":{"line":102,"column":null}},{"start":{"line":104,"column":8},"end":{"line":117,"column":null}}],"line":101},"6":{"loc":{"start":{"line":113,"column":17},"end":{"line":113,"column":null}},"type":"cond-expr","locations":[{"start":{"line":113,"column":45},"end":{"line":113,"column":61}},{"start":{"line":113,"column":61},"end":{"line":113,"column":null}}],"line":113},"7":{"loc":{"start":{"line":170,"column":11},"end":{"line":170,"column":null}},"type":"cond-expr","locations":[{"start":{"line":170,"column":24},"end":{"line":170,"column":38}},{"start":{"line":170,"column":38},"end":{"line":170,"column":null}}],"line":170},"8":{"loc":{"start":{"line":174,"column":7},"end":{"line":174,"column":null}},"type":"binary-expr","locations":[{"start":{"line":174,"column":7},"end":{"line":174,"column":22}},{"start":{"line":174,"column":22},"end":{"line":174,"column":null}}],"line":174}},"s":{"0":0,"1":0,"2":0,"3":0,"4":0,"5":0,"6":0,"7":0,"8":0,"9":0,"10":0,"11":0,"12":0,"13":0,"14":0,"15":0,"16":0,"17":0,"18":0,"19":0,"20":0,"21":0,"22":0,"23":0,"24":0,"25":0,"26":0,"27":0,"28":0,"29":0,"30":0,"31":0,"32":0,"33":0,"34":0,"35":0,"36":0,"37":0,"38":0,"39":0,"40":0,"41":0,"42":0,"43":0,"44":0,"45":0,"46":0,"47":0,"48":0,"49":0,"50":0,"51":0,"52":0,"53":0,"54":0},"f":{"0":0,"1":0,"2":0,"3":0,"4":0,"5":0,"6":0,"7":0,"8":0,"9":0,"10":0,"11":0,"12":0},"b":{"0":[0,0],"1":[0,0],"2":[0,0],"3":[0,0],"4":[0,0],"5":[0,0],"6":[0,0],"7":[0,0],"8":[0,0]},"meta":{"lastBranch":9,"lastFunction":13,"lastStatement":55,"seen":{"f:4:9:4:26":0,"s:5:30:5:Infinity":0,"s:6:28:6:Infinity":1,"s:7:24:7:Infinity":2,"s:8:36:8:Infinity":3,"s:9:34:9:Infinity":4,"s:10:34:10:Infinity":5,"s:11:30:16:Infinity":6,"s:18:2:46:Infinity":7,"f:18:12:18:18":1,"s:19:19:19:Infinity":8,"s:21:25:39:Infinity":9,"f:21:25:21:37":2,"s:22:6:22:Infinity":10,"s:23:6:23:Infinity":11,"s:25:6:38:Infinity":12,"s:26:21:26:Infinity":13,"b:27:8:29:Infinity:undefined:undefined:undefined:undefined":0,"s:27:8:29:Infinity":14,"s:28:10:28:Infinity":15,"b:31:8:33:Infinity:undefined:undefined:undefined:undefined":1,"s:31:8:33:Infinity":16,"s:32:10:32:Infinity":17,"b:35:8:37:Infinity:undefined:undefined:undefined:undefined":2,"s:35:8:37:Infinity":18,"s:36:10:36:Infinity":19,"s:41:4:41:Infinity":20,"s:43:4:45:Infinity":21,"f:43:11:43:17":3,"s:44:6:44:Infinity":22,"s:48:28:51:Infinity":23,"f:48:28:48:29":4,"s:49:28:49:Infinity":24,"s:50:4:50:Infinity":25,"f:50:16:50:17":5,"s:50:27:50:54":26,"s:53:27:72:Infinity":27,"f:53:27:53:34":6,"s:54:4:54:Infinity":28,"s:55:4:55:Infinity":29,"s:56:4:56:Infinity":30,"s:58:4:71:Infinity":31,"s:59:22:59:Infinity":32,"s:60:6:60:Infinity":33,"f:60:18:60:19":7,"s:60:28:60:46":34,"s:61:6:66:Infinity":35,"s:68:6:68:Infinity":36,"s:70:6:70:Infinity":37,"s:74:30:86:Infinity":38,"f:74:30:74:37":8,"s:75:4:75:Infinity":39,"s:76:4:76:Infinity":40,"s:78:4:85:Infinity":41,"s:79:6:79:Infinity":42,"s:80:6:80:Infinity":43,"f:80:18:80:19":9,"s:80:28:80:78":44,"f:80:40:80:41":10,"s:80:53:80:77":45,"s:82:6:82:Infinity":46,"s:84:6:84:Infinity":47,"b:88:2:90:Infinity:undefined:undefined:undefined:undefined":3,"s:88:2:90:Infinity":48,"s:89:4:89:Infinity":49,"b:92:2:94:Infinity:undefined:undefined:undefined:undefined":4,"s:92:2:94:Infinity":50,"s:93:4:93:Infinity":51,"s:96:2:175:Infinity":52,"b:102:8:102:Infinity:104:8:117:Infinity":5,"f:105:24:105:25":11,"s:106:12:115:Infinity":53,"f:110:25:110:31":12,"s:110:31:110:Infinity":54,"b:113:45:113:61:113:61:113:Infinity":6,"b:170:24:170:38:170:38:170:Infinity":7,"b:174:7:174:22:174:22:174:Infinity":8}}}
,"C:\\Users\\win10\\Desktop\\barber-booking\\src\\pages\\Home.jsx": {"path":"C:\\Users\\win10\\Desktop\\barber-booking\\src\\pages\\Home.jsx","statementMap":{"0":{"start":{"line":2,"column":2},"end":{"line":2,"column":null}}},"fnMap":{"0":{"name":"Home","decl":{"start":{"line":1,"column":9},"end":{"line":1,"column":16}},"loc":{"start":{"line":1,"column":16},"end":{"line":3,"column":null}},"line":1}},"branchMap":{},"s":{"0":1},"f":{"0":1},"b":{},"meta":{"lastBranch":0,"lastFunction":1,"lastStatement":1,"seen":{"f:1:9:1:16":0,"s:2:2:2:Infinity":0}}}
,"C:\\Users\\win10\\Desktop\\barber-booking\\src\\pages\\Login.jsx": {"path":"C:\\Users\\win10\\Desktop\\barber-booking\\src\\pages\\Login.jsx","statementMap":{"0":{"start":{"line":6,"column":8},"end":{"line":6,"column":null}},"1":{"start":{"line":7,"column":24},"end":{"line":7,"column":null}},"2":{"start":{"line":8,"column":30},"end":{"line":8,"column":null}},"3":{"start":{"line":10,"column":23},"end":{"line":14,"column":null}},"4":{"start":{"line":11,"column":4},"end":{"line":11,"column":null}},"5":{"start":{"line":12,"column":4},"end":{"line":12,"column":null}},"6":{"start":{"line":13,"column":4},"end":{"line":13,"column":null}},"7":{"start":{"line":16,"column":2},"end":{"line":40,"column":null}},"8":{"start":{"line":25,"column":33},"end":{"line":25,"column":null}},"9":{"start":{"line":34,"column":33},"end":{"line":34,"column":null}}},"fnMap":{"0":{"name":"Login","decl":{"start":{"line":5,"column":9},"end":{"line":5,"column":17}},"loc":{"start":{"line":5,"column":17},"end":{"line":42,"column":null}},"line":5},"1":{"name":"(anonymous_1)","decl":{"start":{"line":10,"column":23},"end":{"line":10,"column":24}},"loc":{"start":{"line":10,"column":34},"end":{"line":14,"column":null}},"line":10},"2":{"name":"(anonymous_2)","decl":{"start":{"line":25,"column":22},"end":{"line":25,"column":23}},"loc":{"start":{"line":25,"column":33},"end":{"line":25,"column":null}},"line":25},"3":{"name":"(anonymous_3)","decl":{"start":{"line":34,"column":22},"end":{"line":34,"column":23}},"loc":{"start":{"line":34,"column":33},"end":{"line":34,"column":null}},"line":34}},"branchMap":{},"s":{"0":20,"1":20,"2":20,"3":20,"4":1,"5":1,"6":1,"7":20,"8":13,"9":6},"f":{"0":20,"1":1,"2":13,"3":6},"b":{},"meta":{"lastBranch":0,"lastFunction":4,"lastStatement":10,"seen":{"f:5:9:5:17":0,"s:6:8:6:Infinity":0,"s:7:24:7:Infinity":1,"s:8:30:8:Infinity":2,"s:10:23:14:Infinity":3,"f:10:23:10:24":1,"s:11:4:11:Infinity":4,"s:12:4:12:Infinity":5,"s:13:4:13:Infinity":6,"s:16:2:40:Infinity":7,"f:25:22:25:23":2,"s:25:33:25:Infinity":8,"f:34:22:34:23":3,"s:34:33:34:Infinity":9}}}
,"C:\\Users\\win10\\Desktop\\barber-booking\\src\\pages\\MyReservations.jsx": {"path":"C:\\Users\\win10\\Desktop\\barber-booking\\src\\pages\\MyReservations.jsx","statementMap":{"0":{"start":{"line":12,"column":8},"end":{"line":12,"column":null}},"1":{"start":{"line":13,"column":20},"end":{"line":13,"column":null}},"2":{"start":{"line":14,"column":38},"end":{"line":14,"column":null}},"3":{"start":{"line":15,"column":28},"end":{"line":15,"column":null}},"4":{"start":{"line":16,"column":24},"end":{"line":16,"column":null}},"5":{"start":{"line":17,"column":36},"end":{"line":17,"column":null}},"6":{"start":{"line":18,"column":36},"end":{"line":18,"column":null}},"7":{"start":{"line":20,"column":2},"end":{"line":66,"column":null}},"8":{"start":{"line":21,"column":19},"end":{"line":21,"column":null}},"9":{"start":{"line":23,"column":29},"end":{"line":59,"column":null}},"10":{"start":{"line":24,"column":6},"end":{"line":24,"column":null}},"11":{"start":{"line":25,"column":6},"end":{"line":25,"column":null}},"12":{"start":{"line":27,"column":6},"end":{"line":58,"column":null}},"13":{"start":{"line":28,"column":8},"end":{"line":33,"column":null}},"14":{"start":{"line":29,"column":10},"end":{"line":31,"column":null}},"15":{"start":{"line":30,"column":12},"end":{"line":30,"column":null}},"16":{"start":{"line":32,"column":10},"end":{"line":32,"column":null}},"17":{"start":{"line":35,"column":21},"end":{"line":35,"column":null}},"18":{"start":{"line":36,"column":26},"end":{"line":45,"column":null}},"19":{"start":{"line":38,"column":12},"end":{"line":43,"column":null}},"20":{"start":{"line":39,"column":27},"end":{"line":39,"column":null}},"21":{"start":{"line":40,"column":14},"end":{"line":40,"column":null}},"22":{"start":{"line":42,"column":14},"end":{"line":42,"column":null}},"23":{"start":{"line":47,"column":8},"end":{"line":49,"column":null}},"24":{"start":{"line":48,"column":10},"end":{"line":48,"column":null}},"25":{"start":{"line":51,"column":8},"end":{"line":53,"column":null}},"26":{"start":{"line":52,"column":10},"end":{"line":52,"column":null}},"27":{"start":{"line":55,"column":8},"end":{"line":57,"column":null}},"28":{"start":{"line":56,"column":10},"end":{"line":56,"column":null}},"29":{"start":{"line":61,"column":4},"end":{"line":61,"column":null}},"30":{"start":{"line":63,"column":4},"end":{"line":65,"column":null}},"31":{"start":{"line":64,"column":6},"end":{"line":64,"column":null}},"32":{"start":{"line":68,"column":23},"end":{"line":83,"column":null}},"33":{"start":{"line":69,"column":4},"end":{"line":69,"column":null}},"34":{"start":{"line":70,"column":4},"end":{"line":70,"column":null}},"35":{"start":{"line":72,"column":4},"end":{"line":82,"column":null}},"36":{"start":{"line":73,"column":6},"end":{"line":73,"column":null}},"37":{"start":{"line":74,"column":6},"end":{"line":74,"column":null}},"38":{"start":{"line":75,"column":6},"end":{"line":77,"column":null}},"39":{"start":{"line":76,"column":8},"end":{"line":76,"column":null}},"40":{"start":{"line":76,"column":37},"end":{"line":76,"column":69}},"41":{"start":{"line":79,"column":6},"end":{"line":79,"column":null}},"42":{"start":{"line":81,"column":6},"end":{"line":81,"column":null}},"43":{"start":{"line":85,"column":2},"end":{"line":92,"column":null}},"44":{"start":{"line":86,"column":4},"end":{"line":90,"column":null}},"45":{"start":{"line":94,"column":2},"end":{"line":96,"column":null}},"46":{"start":{"line":95,"column":4},"end":{"line":95,"column":null}},"47":{"start":{"line":98,"column":2},"end":{"line":100,"column":null}},"48":{"start":{"line":99,"column":4},"end":{"line":99,"column":null}},"49":{"start":{"line":102,"column":2},"end":{"line":137,"column":null}},"50":{"start":{"line":110,"column":12},"end":{"line":132,"column":null}},"51":{"start":{"line":126,"column":18},"end":{"line":126,"column":null}}},"fnMap":{"0":{"name":"MyReservations","decl":{"start":{"line":11,"column":9},"end":{"line":11,"column":26}},"loc":{"start":{"line":11,"column":26},"end":{"line":139,"column":null}},"line":11},"1":{"name":"(anonymous_1)","decl":{"start":{"line":20,"column":12},"end":{"line":20,"column":18}},"loc":{"start":{"line":20,"column":18},"end":{"line":66,"column":5}},"line":20},"2":{"name":"(anonymous_2)","decl":{"start":{"line":23,"column":29},"end":{"line":23,"column":41}},"loc":{"start":{"line":23,"column":41},"end":{"line":59,"column":null}},"line":23},"3":{"name":"(anonymous_3)","decl":{"start":{"line":37,"column":19},"end":{"line":37,"column":26}},"loc":{"start":{"line":37,"column":42},"end":{"line":44,"column":11}},"line":37},"4":{"name":"(anonymous_4)","decl":{"start":{"line":63,"column":11},"end":{"line":63,"column":17}},"loc":{"start":{"line":63,"column":17},"end":{"line":65,"column":null}},"line":63},"5":{"name":"(anonymous_5)","decl":{"start":{"line":68,"column":23},"end":{"line":68,"column":30}},"loc":{"start":{"line":68,"column":60},"end":{"line":83,"column":null}},"line":68},"6":{"name":"(anonymous_6)","decl":{"start":{"line":75,"column":22},"end":{"line":75,"column":23}},"loc":{"start":{"line":76,"column":8},"end":{"line":76,"column":null}},"line":76},"7":{"name":"(anonymous_7)","decl":{"start":{"line":76,"column":20},"end":{"line":76,"column":21}},"loc":{"start":{"line":76,"column":37},"end":{"line":76,"column":69}},"line":76},"8":{"name":"(anonymous_8)","decl":{"start":{"line":109,"column":28},"end":{"line":109,"column":29}},"loc":{"start":{"line":110,"column":12},"end":{"line":132,"column":null}},"line":110},"9":{"name":"(anonymous_9)","decl":{"start":{"line":125,"column":25},"end":{"line":125,"column":null}},"loc":{"start":{"line":126,"column":18},"end":{"line":126,"column":null}},"line":126}},"branchMap":{"0":{"loc":{"start":{"line":13,"column":20},"end":{"line":13,"column":null}},"type":"binary-expr","locations":[{"start":{"line":13,"column":20},"end":{"line":13,"column":35}},{"start":{"line":13,"column":35},"end":{"line":13,"column":null}}],"line":13},"1":{"loc":{"start":{"line":28,"column":8},"end":{"line":33,"column":null}},"type":"if","locations":[{"start":{"line":28,"column":8},"end":{"line":33,"column":null}},{"start":{},"end":{}}],"line":28},"2":{"loc":{"start":{"line":29,"column":10},"end":{"line":31,"column":null}},"type":"if","locations":[{"start":{"line":29,"column":10},"end":{"line":31,"column":null}},{"start":{},"end":{}}],"line":29},"3":{"loc":{"start":{"line":47,"column":8},"end":{"line":49,"column":null}},"type":"if","locations":[{"start":{"line":47,"column":8},"end":{"line":49,"column":null}},{"start":{},"end":{}}],"line":47},"4":{"loc":{"start":{"line":51,"column":8},"end":{"line":53,"column":null}},"type":"if","locations":[{"start":{"line":51,"column":8},"end":{"line":53,"column":null}},{"start":{},"end":{}}],"line":51},"5":{"loc":{"start":{"line":55,"column":8},"end":{"line":57,"column":null}},"type":"if","locations":[{"start":{"line":55,"column":8},"end":{"line":57,"column":null}},{"start":{},"end":{}}],"line":55},"6":{"loc":{"start":{"line":85,"column":2},"end":{"line":92,"column":null}},"type":"if","locations":[{"start":{"line":85,"column":2},"end":{"line":92,"column":null}},{"start":{},"end":{}}],"line":85},"7":{"loc":{"start":{"line":94,"column":2},"end":{"line":96,"column":null}},"type":"if","locations":[{"start":{"line":94,"column":2},"end":{"line":96,"column":null}},{"start":{},"end":{}}],"line":94},"8":{"loc":{"start":{"line":98,"column":2},"end":{"line":100,"column":null}},"type":"if","locations":[{"start":{"line":98,"column":2},"end":{"line":100,"column":null}},{"start":{},"end":{}}],"line":98},"9":{"loc":{"start":{"line":105,"column":7},"end":{"line":134,"column":null}},"type":"cond-expr","locations":[{"start":{"line":106,"column":8},"end":{"line":106,"column":null}},{"start":{"line":108,"column":8},"end":{"line":134,"column":null}}],"line":105},"10":{"loc":{"start":{"line":112,"column":15},"end":{"line":120,"column":null}},"type":"cond-expr","locations":[{"start":{"line":113,"column":16},"end":{"line":118,"column":null}},{"start":{"line":120,"column":16},"end":{"line":120,"column":null}}],"line":112},"11":{"loc":{"start":{"line":130,"column":17},"end":{"line":130,"column":null}},"type":"cond-expr","locations":[{"start":{"line":130,"column":50},"end":{"line":130,"column":68}},{"start":{"line":130,"column":68},"end":{"line":130,"column":null}}],"line":130},"12":{"loc":{"start":{"line":136,"column":7},"end":{"line":136,"column":null}},"type":"binary-expr","locations":[{"start":{"line":136,"column":7},"end":{"line":136,"column":22}},{"start":{"line":136,"column":22},"end":{"line":136,"column":null}}],"line":136}},"s":{"0":4,"1":4,"2":4,"3":4,"4":4,"5":4,"6":4,"7":4,"8":1,"9":1,"10":1,"11":1,"12":1,"13":1,"14":0,"15":0,"16":0,"17":1,"18":1,"19":1,"20":1,"21":1,"22":0,"23":1,"24":1,"25":0,"26":0,"27":1,"28":1,"29":1,"30":1,"31":1,"32":4,"33":1,"34":1,"35":1,"36":1,"37":1,"38":1,"39":1,"40":1,"41":0,"42":1,"43":4,"44":0,"45":4,"46":1,"47":3,"48":0,"49":3,"50":2,"51":1},"f":{"0":4,"1":1,"2":1,"3":1,"4":1,"5":1,"6":1,"7":1,"8":2,"9":1},"b":{"0":[4,0],"1":[0,1],"2":[0,0],"3":[1,0],"4":[0,0],"5":[1,0],"6":[0,4],"7":[1,3],"8":[0,3],"9":[1,2],"10":[2,0],"11":[1,1],"12":[4,0]},"meta":{"lastBranch":13,"lastFunction":10,"lastStatement":52,"seen":{"f:11:9:11:26":0,"s:12:8:12:Infinity":0,"s:13:20:13:Infinity":1,"b:13:20:13:35:13:35:13:Infinity":0,"s:14:38:14:Infinity":2,"s:15:28:15:Infinity":3,"s:16:24:16:Infinity":4,"s:17:36:17:Infinity":5,"s:18:36:18:Infinity":6,"s:20:2:66:Infinity":7,"f:20:12:20:18":1,"s:21:19:21:Infinity":8,"s:23:29:59:Infinity":9,"f:23:29:23:41":2,"s:24:6:24:Infinity":10,"s:25:6:25:Infinity":11,"s:27:6:58:Infinity":12,"b:28:8:33:Infinity:undefined:undefined:undefined:undefined":1,"s:28:8:33:Infinity":13,"b:29:10:31:Infinity:undefined:undefined:undefined:undefined":2,"s:29:10:31:Infinity":14,"s:30:12:30:Infinity":15,"s:32:10:32:Infinity":16,"s:35:21:35:Infinity":17,"s:36:26:45:Infinity":18,"f:37:19:37:26":3,"s:38:12:43:Infinity":19,"s:39:27:39:Infinity":20,"s:40:14:40:Infinity":21,"s:42:14:42:Infinity":22,"b:47:8:49:Infinity:undefined:undefined:undefined:undefined":3,"s:47:8:49:Infinity":23,"s:48:10:48:Infinity":24,"b:51:8:53:Infinity:undefined:undefined:undefined:undefined":4,"s:51:8:53:Infinity":25,"s:52:10:52:Infinity":26,"b:55:8:57:Infinity:undefined:undefined:undefined:undefined":5,"s:55:8:57:Infinity":27,"s:56:10:56:Infinity":28,"s:61:4:61:Infinity":29,"s:63:4:65:Infinity":30,"f:63:11:63:17":4,"s:64:6:64:Infinity":31,"s:68:23:83:Infinity":32,"f:68:23:68:30":5,"s:69:4:69:Infinity":33,"s:70:4:70:Infinity":34,"s:72:4:82:Infinity":35,"s:73:6:73:Infinity":36,"s:74:6:74:Infinity":37,"s:75:6:77:Infinity":38,"f:75:22:75:23":6,"s:76:8:76:Infinity":39,"f:76:20:76:21":7,"s:76:37:76:69":40,"s:79:6:79:Infinity":41,"s:81:6:81:Infinity":42,"b:85:2:92:Infinity:undefined:undefined:undefined:undefined":6,"s:85:2:92:Infinity":43,"s:86:4:90:Infinity":44,"b:94:2:96:Infinity:undefined:undefined:undefined:undefined":7,"s:94:2:96:Infinity":45,"s:95:4:95:Infinity":46,"b:98:2:100:Infinity:undefined:undefined:undefined:undefined":8,"s:98:2:100:Infinity":47,"s:99:4:99:Infinity":48,"s:102:2:137:Infinity":49,"b:106:8:106:Infinity:108:8:134:Infinity":9,"f:109:28:109:29":8,"s:110:12:132:Infinity":50,"b:113:16:118:Infinity:120:16:120:Infinity":10,"f:125:25:125:Infinity":9,"s:126:18:126:Infinity":51,"b:130:50:130:68:130:68:130:Infinity":11,"b:136:7:136:22:136:22:136:Infinity":12}}}
,"C:\\Users\\win10\\Desktop\\barber-booking\\src\\pages\\Register.jsx": {"path":"C:\\Users\\win10\\Desktop\\barber-booking\\src\\pages\\Register.jsx","statementMap":{"0":{"start":{"line":6,"column":8},"end":{"line":6,"column":null}},"1":{"start":{"line":7,"column":24},"end":{"line":7,"column":null}},"2":{"start":{"line":8,"column":30},"end":{"line":8,"column":null}},"3":{"start":{"line":10,"column":23},"end":{"line":14,"column":null}},"4":{"start":{"line":11,"column":4},"end":{"line":11,"column":null}},"5":{"start":{"line":12,"column":4},"end":{"line":12,"column":null}},"6":{"start":{"line":13,"column":4},"end":{"line":13,"column":null}},"7":{"start":{"line":16,"column":2},"end":{"line":40,"column":null}},"8":{"start":{"line":25,"column":33},"end":{"line":25,"column":null}},"9":{"start":{"line":34,"column":33},"end":{"line":34,"column":null}}},"fnMap":{"0":{"name":"Register","decl":{"start":{"line":5,"column":9},"end":{"line":5,"column":20}},"loc":{"start":{"line":5,"column":20},"end":{"line":42,"column":null}},"line":5},"1":{"name":"(anonymous_1)","decl":{"start":{"line":10,"column":23},"end":{"line":10,"column":24}},"loc":{"start":{"line":10,"column":34},"end":{"line":14,"column":null}},"line":10},"2":{"name":"(anonymous_2)","decl":{"start":{"line":25,"column":22},"end":{"line":25,"column":23}},"loc":{"start":{"line":25,"column":33},"end":{"line":25,"column":null}},"line":25},"3":{"name":"(anonymous_3)","decl":{"start":{"line":34,"column":22},"end":{"line":34,"column":23}},"loc":{"start":{"line":34,"column":33},"end":{"line":34,"column":null}},"line":34}},"branchMap":{},"s":{"0":0,"1":0,"2":0,"3":0,"4":0,"5":0,"6":0,"7":0,"8":0,"9":0},"f":{"0":0,"1":0,"2":0,"3":0},"b":{},"meta":{"lastBranch":0,"lastFunction":4,"lastStatement":10,"seen":{"f:5:9:5:20":0,"s:6:8:6:Infinity":0,"s:7:24:7:Infinity":1,"s:8:30:8:Infinity":2,"s:10:23:14:Infinity":3,"f:10:23:10:24":1,"s:11:4:11:Infinity":4,"s:12:4:12:Infinity":5,"s:13:4:13:Infinity":6,"s:16:2:40:Infinity":7,"f:25:22:25:23":2,"s:25:33:25:Infinity":8,"f:34:22:34:23":3,"s:34:33:34:Infinity":9}}}
,"C:\\Users\\win10\\Desktop\\barber-booking\\src\\pages\\ServiceBooking.jsx": {"path":"C:\\Users\\win10\\Desktop\\barber-booking\\src\\pages\\ServiceBooking.jsx","statementMap":{"0":{"start":{"line":12,"column":24},"end":{"line":12,"column":null}},"1":{"start":{"line":13,"column":8},"end":{"line":13,"column":null}},"2":{"start":{"line":14,"column":8},"end":{"line":14,"column":null}},"3":{"start":{"line":15,"column":20},"end":{"line":15,"column":null}},"4":{"start":{"line":16,"column":24},"end":{"line":16,"column":null}},"5":{"start":{"line":17,"column":38},"end":{"line":17,"column":null}},"6":{"start":{"line":18,"column":52},"end":{"line":18,"column":null}},"7":{"start":{"line":19,"column":42},"end":{"line":19,"column":null}},"8":{"start":{"line":20,"column":28},"end":{"line":20,"column":null}},"9":{"start":{"line":21,"column":24},"end":{"line":21,"column":null}},"10":{"start":{"line":22,"column":36},"end":{"line":22,"column":null}},"11":{"start":{"line":23,"column":34},"end":{"line":23,"column":null}},"12":{"start":{"line":25,"column":2},"end":{"line":62,"column":null}},"13":{"start":{"line":26,"column":19},"end":{"line":26,"column":null}},"14":{"start":{"line":28,"column":22},"end":{"line":55,"column":null}},"15":{"start":{"line":29,"column":6},"end":{"line":29,"column":null}},"16":{"start":{"line":30,"column":6},"end":{"line":30,"column":null}},"17":{"start":{"line":32,"column":6},"end":{"line":54,"column":null}},"18":{"start":{"line":33,"column":8},"end":{"line":39,"column":null}},"19":{"start":{"line":34,"column":10},"end":{"line":37,"column":null}},"20":{"start":{"line":35,"column":12},"end":{"line":35,"column":null}},"21":{"start":{"line":36,"column":12},"end":{"line":36,"column":null}},"22":{"start":{"line":38,"column":10},"end":{"line":38,"column":null}},"23":{"start":{"line":41,"column":21},"end":{"line":41,"column":null}},"24":{"start":{"line":42,"column":8},"end":{"line":45,"column":null}},"25":{"start":{"line":43,"column":10},"end":{"line":43,"column":null}},"26":{"start":{"line":44,"column":10},"end":{"line":44,"column":null}},"27":{"start":{"line":47,"column":8},"end":{"line":49,"column":null}},"28":{"start":{"line":48,"column":10},"end":{"line":48,"column":null}},"29":{"start":{"line":51,"column":8},"end":{"line":53,"column":null}},"30":{"start":{"line":52,"column":10},"end":{"line":52,"column":null}},"31":{"start":{"line":57,"column":4},"end":{"line":57,"column":null}},"32":{"start":{"line":59,"column":4},"end":{"line":61,"column":null}},"33":{"start":{"line":60,"column":6},"end":{"line":60,"column":null}},"34":{"start":{"line":64,"column":2},"end":{"line":99,"column":null}},"35":{"start":{"line":65,"column":19},"end":{"line":65,"column":null}},"36":{"start":{"line":67,"column":25},"end":{"line":92,"column":null}},"37":{"start":{"line":68,"column":6},"end":{"line":72,"column":null}},"38":{"start":{"line":69,"column":8},"end":{"line":69,"column":null}},"39":{"start":{"line":70,"column":8},"end":{"line":70,"column":null}},"40":{"start":{"line":71,"column":8},"end":{"line":71,"column":null}},"41":{"start":{"line":74,"column":20},"end":{"line":74,"column":null}},"42":{"start":{"line":74,"column":52},"end":{"line":74,"column":73}},"43":{"start":{"line":76,"column":6},"end":{"line":91,"column":null}},"44":{"start":{"line":77,"column":26},"end":{"line":77,"column":null}},"45":{"start":{"line":77,"column":55},"end":{"line":77,"column":81}},"46":{"start":{"line":78,"column":8},"end":{"line":84,"column":null}},"47":{"start":{"line":79,"column":24},"end":{"line":81,"column":null}},"48":{"start":{"line":81,"column":30},"end":{"line":81,"column":63}},"49":{"start":{"line":82,"column":10},"end":{"line":82,"column":null}},"50":{"start":{"line":83,"column":10},"end":{"line":83,"column":null}},"51":{"start":{"line":87,"column":8},"end":{"line":90,"column":null}},"52":{"start":{"line":88,"column":10},"end":{"line":88,"column":null}},"53":{"start":{"line":89,"column":10},"end":{"line":89,"column":null}},"54":{"start":{"line":94,"column":4},"end":{"line":94,"column":null}},"55":{"start":{"line":96,"column":4},"end":{"line":98,"column":null}},"56":{"start":{"line":97,"column":6},"end":{"line":97,"column":null}},"57":{"start":{"line":102,"column":4},"end":{"line":102,"column":null}},"58":{"start":{"line":102,"column":25},"end":{"line":102,"column":51}},"59":{"start":{"line":104,"column":2},"end":{"line":111,"column":null}},"60":{"start":{"line":105,"column":4},"end":{"line":109,"column":null}},"61":{"start":{"line":113,"column":2},"end":{"line":115,"column":null}},"62":{"start":{"line":114,"column":4},"end":{"line":114,"column":null}},"63":{"start":{"line":117,"column":2},"end":{"line":119,"column":null}},"64":{"start":{"line":118,"column":4},"end":{"line":118,"column":null}},"65":{"start":{"line":121,"column":35},"end":{"line":142,"column":null}},"66":{"start":{"line":122,"column":4},"end":{"line":124,"column":null}},"67":{"start":{"line":123,"column":6},"end":{"line":123,"column":null}},"68":{"start":{"line":126,"column":4},"end":{"line":126,"column":null}},"69":{"start":{"line":127,"column":4},"end":{"line":127,"column":null}},"70":{"start":{"line":129,"column":4},"end":{"line":141,"column":null}},"71":{"start":{"line":130,"column":6},"end":{"line":134,"column":null}},"72":{"start":{"line":135,"column":6},"end":{"line":135,"column":null}},"73":{"start":{"line":136,"column":6},"end":{"line":136,"column":null}},"74":{"start":{"line":138,"column":6},"end":{"line":138,"column":null}},"75":{"start":{"line":140,"column":6},"end":{"line":140,"column":null}},"76":{"start":{"line":144,"column":2},"end":{"line":199,"column":null}},"77":{"start":{"line":153,"column":12},"end":{"line":179,"column":null}},"78":{"start":{"line":156,"column":29},"end":{"line":156,"column":null}}},"fnMap":{"0":{"name":"ServiceBooking","decl":{"start":{"line":11,"column":9},"end":{"line":11,"column":26}},"loc":{"start":{"line":11,"column":26},"end":{"line":201,"column":null}},"line":11},"1":{"name":"(anonymous_1)","decl":{"start":{"line":25,"column":12},"end":{"line":25,"column":18}},"loc":{"start":{"line":25,"column":18},"end":{"line":62,"column":5}},"line":25},"2":{"name":"(anonymous_2)","decl":{"start":{"line":28,"column":22},"end":{"line":28,"column":34}},"loc":{"start":{"line":28,"column":34},"end":{"line":55,"column":null}},"line":28},"3":{"name":"(anonymous_3)","decl":{"start":{"line":59,"column":11},"end":{"line":59,"column":17}},"loc":{"start":{"line":59,"column":17},"end":{"line":61,"column":null}},"line":59},"4":{"name":"(anonymous_4)","decl":{"start":{"line":64,"column":12},"end":{"line":64,"column":18}},"loc":{"start":{"line":64,"column":18},"end":{"line":99,"column":5}},"line":64},"5":{"name":"(anonymous_5)","decl":{"start":{"line":67,"column":25},"end":{"line":67,"column":37}},"loc":{"start":{"line":67,"column":37},"end":{"line":92,"column":null}},"line":67},"6":{"name":"(anonymous_6)","decl":{"start":{"line":74,"column":42},"end":{"line":74,"column":43}},"loc":{"start":{"line":74,"column":52},"end":{"line":74,"column":73}},"line":74},"7":{"name":"(anonymous_7)","decl":{"start":{"line":77,"column":54},"end":{"line":77,"column":55}},"loc":{"start":{"line":77,"column":55},"end":{"line":77,"column":81}},"line":77},"8":{"name":"(anonymous_8)","decl":{"start":{"line":81,"column":17},"end":{"line":81,"column":18}},"loc":{"start":{"line":81,"column":30},"end":{"line":81,"column":63}},"line":81},"9":{"name":"(anonymous_9)","decl":{"start":{"line":96,"column":11},"end":{"line":96,"column":17}},"loc":{"start":{"line":96,"column":17},"end":{"line":98,"column":null}},"line":96},"10":{"name":"(anonymous_10)","decl":{"start":{"line":102,"column":15},"end":{"line":102,"column":16}},"loc":{"start":{"line":102,"column":25},"end":{"line":102,"column":51}},"line":102},"11":{"name":"(anonymous_11)","decl":{"start":{"line":121,"column":35},"end":{"line":121,"column":47}},"loc":{"start":{"line":121,"column":47},"end":{"line":142,"column":null}},"line":121},"12":{"name":"(anonymous_12)","decl":{"start":{"line":152,"column":21},"end":{"line":152,"column":22}},"loc":{"start":{"line":153,"column":12},"end":{"line":179,"column":null}},"line":153},"13":{"name":"(anonymous_13)","decl":{"start":{"line":156,"column":23},"end":{"line":156,"column":29}},"loc":{"start":{"line":156,"column":29},"end":{"line":156,"column":null}},"line":156}},"branchMap":{"0":{"loc":{"start":{"line":15,"column":20},"end":{"line":15,"column":null}},"type":"binary-expr","locations":[{"start":{"line":15,"column":20},"end":{"line":15,"column":35}},{"start":{"line":15,"column":35},"end":{"line":15,"column":null}}],"line":15},"1":{"loc":{"start":{"line":33,"column":8},"end":{"line":39,"column":null}},"type":"if","locations":[{"start":{"line":33,"column":8},"end":{"line":39,"column":null}},{"start":{},"end":{}}],"line":33},"2":{"loc":{"start":{"line":34,"column":10},"end":{"line":37,"column":null}},"type":"if","locations":[{"start":{"line":34,"column":10},"end":{"line":37,"column":null}},{"start":{},"end":{}}],"line":34},"3":{"loc":{"start":{"line":42,"column":8},"end":{"line":45,"column":null}},"type":"if","locations":[{"start":{"line":42,"column":8},"end":{"line":45,"column":null}},{"start":{},"end":{}}],"line":42},"4":{"loc":{"start":{"line":47,"column":8},"end":{"line":49,"column":null}},"type":"if","locations":[{"start":{"line":47,"column":8},"end":{"line":49,"column":null}},{"start":{},"end":{}}],"line":47},"5":{"loc":{"start":{"line":51,"column":8},"end":{"line":53,"column":null}},"type":"if","locations":[{"start":{"line":51,"column":8},"end":{"line":53,"column":null}},{"start":{},"end":{}}],"line":51},"6":{"loc":{"start":{"line":68,"column":6},"end":{"line":72,"column":null}},"type":"if","locations":[{"start":{"line":68,"column":6},"end":{"line":72,"column":null}},{"start":{},"end":{}}],"line":68},"7":{"loc":{"start":{"line":78,"column":8},"end":{"line":84,"column":null}},"type":"if","locations":[{"start":{"line":78,"column":8},"end":{"line":84,"column":null}},{"start":{},"end":{}}],"line":78},"8":{"loc":{"start":{"line":87,"column":8},"end":{"line":90,"column":null}},"type":"if","locations":[{"start":{"line":87,"column":8},"end":{"line":90,"column":null}},{"start":{},"end":{}}],"line":87},"9":{"loc":{"start":{"line":102,"column":4},"end":{"line":102,"column":null}},"type":"binary-expr","locations":[{"start":{"line":102,"column":4},"end":{"line":102,"column":56}},{"start":{"line":102,"column":56},"end":{"line":102,"column":null}}],"line":102},"10":{"loc":{"start":{"line":104,"column":2},"end":{"line":111,"column":null}},"type":"if","locations":[{"start":{"line":104,"column":2},"end":{"line":111,"column":null}},{"start":{},"end":{}}],"line":104},"11":{"loc":{"start":{"line":113,"column":2},"end":{"line":115,"column":null}},"type":"if","locations":[{"start":{"line":113,"column":2},"end":{"line":115,"column":null}},{"start":{},"end":{}}],"line":113},"12":{"loc":{"start":{"line":117,"column":2},"end":{"line":119,"column":null}},"type":"if","locations":[{"start":{"line":117,"column":2},"end":{"line":119,"column":null}},{"start":{},"end":{}}],"line":117},"13":{"loc":{"start":{"line":122,"column":4},"end":{"line":124,"column":null}},"type":"if","locations":[{"start":{"line":122,"column":4},"end":{"line":124,"column":null}},{"start":{},"end":{}}],"line":122},"14":{"loc":{"start":{"line":148,"column":7},"end":{"line":181,"column":null}},"type":"cond-expr","locations":[{"start":{"line":149,"column":8},"end":{"line":149,"column":null}},{"start":{"line":151,"column":8},"end":{"line":181,"column":null}}],"line":148},"15":{"loc":{"start":{"line":160,"column":28},"end":{"line":160,"column":null}},"type":"cond-expr","locations":[{"start":{"line":160,"column":57},"end":{"line":160,"column":65}},{"start":{"line":160,"column":65},"end":{"line":160,"column":null}}],"line":160},"16":{"loc":{"start":{"line":166,"column":15},"end":{"line":177,"column":null}},"type":"binary-expr","locations":[{"start":{"line":166,"column":15},"end":{"line":166,"column":null}},{"start":{"line":167,"column":16},"end":{"line":177,"column":null}}],"line":166},"17":{"loc":{"start":{"line":183,"column":7},"end":{"line":188,"column":null}},"type":"binary-expr","locations":[{"start":{"line":183,"column":7},"end":{"line":183,"column":null}},{"start":{"line":184,"column":8},"end":{"line":188,"column":null}}],"line":183},"18":{"loc":{"start":{"line":193,"column":18},"end":{"line":193,"column":null}},"type":"binary-expr","locations":[{"start":{"line":193,"column":18},"end":{"line":193,"column":37}},{"start":{"line":193,"column":37},"end":{"line":193,"column":null}}],"line":193},"19":{"loc":{"start":{"line":195,"column":9},"end":{"line":195,"column":null}},"type":"cond-expr","locations":[{"start":{"line":195,"column":22},"end":{"line":195,"column":36}},{"start":{"line":195,"column":36},"end":{"line":195,"column":null}}],"line":195},"20":{"loc":{"start":{"line":197,"column":7},"end":{"line":197,"column":null}},"type":"binary-expr","locations":[{"start":{"line":197,"column":7},"end":{"line":197,"column":22}},{"start":{"line":197,"column":22},"end":{"line":197,"column":null}}],"line":197}},"s":{"0":0,"1":0,"2":0,"3":0,"4":0,"5":0,"6":0,"7":0,"8":0,"9":0,"10":0,"11":0,"12":0,"13":0,"14":0,"15":0,"16":0,"17":0,"18":0,"19":0,"20":0,"21":0,"22":0,"23":0,"24":0,"25":0,"26":0,"27":0,"28":0,"29":0,"30":0,"31":0,"32":0,"33":0,"34":0,"35":0,"36":0,"37":0,"38":0,"39":0,"40":0,"41":0,"42":0,"43":0,"44":0,"45":0,"46":0,"47":0,"48":0,"49":0,"50":0,"51":0,"52":0,"53":0,"54":0,"55":0,"56":0,"57":0,"58":0,"59":0,"60":0,"61":0,"62":0,"63":0,"64":0,"65":0,"66":0,"67":0,"68":0,"69":0,"70":0,"71":0,"72":0,"73":0,"74":0,"75":0,"76":0,"77":0,"78":0},"f":{"0":0,"1":0,"2":0,"3":0,"4":0,"5":0,"6":0,"7":0,"8":0,"9":0,"10":0,"11":0,"12":0,"13":0},"b":{"0":[0,0],"1":[0,0],"2":[0,0],"3":[0,0],"4":[0,0],"5":[0,0],"6":[0,0],"7":[0,0],"8":[0,0],"9":[0,0],"10":[0,0],"11":[0,0],"12":[0,0],"13":[0,0],"14":[0,0],"15":[0,0],"16":[0,0],"17":[0,0],"18":[0,0],"19":[0,0],"20":[0,0]},"meta":{"lastBranch":21,"lastFunction":14,"lastStatement":79,"seen":{"f:11:9:11:26":0,"s:12:24:12:Infinity":0,"s:13:8:13:Infinity":1,"s:14:8:14:Infinity":2,"s:15:20:15:Infinity":3,"b:15:20:15:35:15:35:15:Infinity":0,"s:16:24:16:Infinity":4,"s:17:38:17:Infinity":5,"s:18:52:18:Infinity":6,"s:19:42:19:Infinity":7,"s:20:28:20:Infinity":8,"s:21:24:21:Infinity":9,"s:22:36:22:Infinity":10,"s:23:34:23:Infinity":11,"s:25:2:62:Infinity":12,"f:25:12:25:18":1,"s:26:19:26:Infinity":13,"s:28:22:55:Infinity":14,"f:28:22:28:34":2,"s:29:6:29:Infinity":15,"s:30:6:30:Infinity":16,"s:32:6:54:Infinity":17,"b:33:8:39:Infinity:undefined:undefined:undefined:undefined":1,"s:33:8:39:Infinity":18,"b:34:10:37:Infinity:undefined:undefined:undefined:undefined":2,"s:34:10:37:Infinity":19,"s:35:12:35:Infinity":20,"s:36:12:36:Infinity":21,"s:38:10:38:Infinity":22,"s:41:21:41:Infinity":23,"b:42:8:45:Infinity:undefined:undefined:undefined:undefined":3,"s:42:8:45:Infinity":24,"s:43:10:43:Infinity":25,"s:44:10:44:Infinity":26,"b:47:8:49:Infinity:undefined:undefined:undefined:undefined":4,"s:47:8:49:Infinity":27,"s:48:10:48:Infinity":28,"b:51:8:53:Infinity:undefined:undefined:undefined:undefined":5,"s:51:8:53:Infinity":29,"s:52:10:52:Infinity":30,"s:57:4:57:Infinity":31,"s:59:4:61:Infinity":32,"f:59:11:59:17":3,"s:60:6:60:Infinity":33,"s:64:2:99:Infinity":34,"f:64:12:64:18":4,"s:65:19:65:Infinity":35,"s:67:25:92:Infinity":36,"f:67:25:67:37":5,"b:68:6:72:Infinity:undefined:undefined:undefined:undefined":6,"s:68:6:72:Infinity":37,"s:69:8:69:Infinity":38,"s:70:8:70:Infinity":39,"s:71:8:71:Infinity":40,"s:74:20:74:Infinity":41,"f:74:42:74:43":6,"s:74:52:74:73":42,"s:76:6:91:Infinity":43,"s:77:26:77:Infinity":44,"f:77:54:77:55":7,"s:77:55:77:81":45,"b:78:8:84:Infinity:undefined:undefined:undefined:undefined":7,"s:78:8:84:Infinity":46,"s:79:24:81:Infinity":47,"f:81:17:81:18":8,"s:81:30:81:63":48,"s:82:10:82:Infinity":49,"s:83:10:83:Infinity":50,"b:87:8:90:Infinity:undefined:undefined:undefined:undefined":8,"s:87:8:90:Infinity":51,"s:88:10:88:Infinity":52,"s:89:10:89:Infinity":53,"s:94:4:94:Infinity":54,"s:96:4:98:Infinity":55,"f:96:11:96:17":9,"s:97:6:97:Infinity":56,"s:102:4:102:Infinity":57,"b:102:4:102:56:102:56:102:Infinity":9,"f:102:15:102:16":10,"s:102:25:102:51":58,"b:104:2:111:Infinity:undefined:undefined:undefined:undefined":10,"s:104:2:111:Infinity":59,"s:105:4:109:Infinity":60,"b:113:2:115:Infinity:undefined:undefined:undefined:undefined":11,"s:113:2:115:Infinity":61,"s:114:4:114:Infinity":62,"b:117:2:119:Infinity:undefined:undefined:undefined:undefined":12,"s:117:2:119:Infinity":63,"s:118:4:118:Infinity":64,"s:121:35:142:Infinity":65,"f:121:35:121:47":11,"b:122:4:124:Infinity:undefined:undefined:undefined:undefined":13,"s:122:4:124:Infinity":66,"s:123:6:123:Infinity":67,"s:126:4:126:Infinity":68,"s:127:4:127:Infinity":69,"s:129:4:141:Infinity":70,"s:130:6:134:Infinity":71,"s:135:6:135:Infinity":72,"s:136:6:136:Infinity":73,"s:138:6:138:Infinity":74,"s:140:6:140:Infinity":75,"s:144:2:199:Infinity":76,"b:149:8:149:Infinity:151:8:181:Infinity":14,"f:152:21:152:22":12,"s:153:12:179:Infinity":77,"f:156:23:156:29":13,"s:156:29:156:Infinity":78,"b:160:57:160:65:160:65:160:Infinity":15,"b:166:15:166:Infinity:167:16:177:Infinity":16,"b:183:7:183:Infinity:184:8:188:Infinity":17,"b:193:18:193:37:193:37:193:Infinity":18,"b:195:22:195:36:195:36:195:Infinity":19,"b:197:7:197:22:197:22:197:Infinity":20}}}
,"C:\\Users\\win10\\Desktop\\barber-booking\\src\\pages\\ServiceDetail.jsx": {"path":"C:\\Users\\win10\\Desktop\\barber-booking\\src\\pages\\ServiceDetail.jsx","statementMap":{"0":{"start":{"line":6,"column":13},"end":{"line":6,"column":null}},"1":{"start":{"line":7,"column":28},"end":{"line":7,"column":null}},"2":{"start":{"line":8,"column":28},"end":{"line":8,"column":null}},"3":{"start":{"line":9,"column":24},"end":{"line":9,"column":null}},"4":{"start":{"line":10,"column":30},"end":{"line":10,"column":null}},"5":{"start":{"line":12,"column":2},"end":{"line":46,"column":null}},"6":{"start":{"line":13,"column":20},"end":{"line":13,"column":null}},"7":{"start":{"line":15,"column":24},"end":{"line":39,"column":null}},"8":{"start":{"line":16,"column":6},"end":{"line":16,"column":null}},"9":{"start":{"line":17,"column":6},"end":{"line":17,"column":null}},"10":{"start":{"line":18,"column":6},"end":{"line":18,"column":null}},"11":{"start":{"line":20,"column":6},"end":{"line":38,"column":null}},"12":{"start":{"line":21,"column":21},"end":{"line":21,"column":null}},"13":{"start":{"line":22,"column":8},"end":{"line":24,"column":null}},"14":{"start":{"line":23,"column":10},"end":{"line":23,"column":null}},"15":{"start":{"line":26,"column":8},"end":{"line":33,"column":null}},"16":{"start":{"line":27,"column":10},"end":{"line":32,"column":null}},"17":{"start":{"line":28,"column":12},"end":{"line":28,"column":null}},"18":{"start":{"line":29,"column":12},"end":{"line":29,"column":null}},"19":{"start":{"line":31,"column":12},"end":{"line":31,"column":null}},"20":{"start":{"line":35,"column":8},"end":{"line":37,"column":null}},"21":{"start":{"line":36,"column":10},"end":{"line":36,"column":null}},"22":{"start":{"line":41,"column":4},"end":{"line":41,"column":null}},"23":{"start":{"line":43,"column":4},"end":{"line":45,"column":null}},"24":{"start":{"line":44,"column":6},"end":{"line":44,"column":null}},"25":{"start":{"line":48,"column":2},"end":{"line":50,"column":null}},"26":{"start":{"line":49,"column":4},"end":{"line":49,"column":null}},"27":{"start":{"line":52,"column":2},"end":{"line":54,"column":null}},"28":{"start":{"line":53,"column":4},"end":{"line":53,"column":null}},"29":{"start":{"line":56,"column":2},"end":{"line":58,"column":null}},"30":{"start":{"line":57,"column":4},"end":{"line":57,"column":null}},"31":{"start":{"line":60,"column":2},"end":{"line":70,"column":null}}},"fnMap":{"0":{"name":"ServiceDetail","decl":{"start":{"line":5,"column":9},"end":{"line":5,"column":25}},"loc":{"start":{"line":5,"column":25},"end":{"line":72,"column":null}},"line":5},"1":{"name":"(anonymous_1)","decl":{"start":{"line":12,"column":12},"end":{"line":12,"column":18}},"loc":{"start":{"line":12,"column":18},"end":{"line":46,"column":5}},"line":12},"2":{"name":"(anonymous_2)","decl":{"start":{"line":15,"column":24},"end":{"line":15,"column":36}},"loc":{"start":{"line":15,"column":36},"end":{"line":39,"column":null}},"line":15},"3":{"name":"(anonymous_3)","decl":{"start":{"line":43,"column":11},"end":{"line":43,"column":17}},"loc":{"start":{"line":43,"column":17},"end":{"line":45,"column":null}},"line":43}},"branchMap":{"0":{"loc":{"start":{"line":22,"column":8},"end":{"line":24,"column":null}},"type":"if","locations":[{"start":{"line":22,"column":8},"end":{"line":24,"column":null}},{"start":{},"end":{}}],"line":22},"1":{"loc":{"start":{"line":26,"column":8},"end":{"line":33,"column":null}},"type":"if","locations":[{"start":{"line":26,"column":8},"end":{"line":33,"column":null}},{"start":{},"end":{}}],"line":26},"2":{"loc":{"start":{"line":27,"column":10},"end":{"line":32,"column":null}},"type":"if","locations":[{"start":{"line":27,"column":10},"end":{"line":32,"column":null}},{"start":{"line":30,"column":17},"end":{"line":32,"column":null}}],"line":27},"3":{"loc":{"start":{"line":35,"column":8},"end":{"line":37,"column":null}},"type":"if","locations":[{"start":{"line":35,"column":8},"end":{"line":37,"column":null}},{"start":{},"end":{}}],"line":35},"4":{"loc":{"start":{"line":48,"column":2},"end":{"line":50,"column":null}},"type":"if","locations":[{"start":{"line":48,"column":2},"end":{"line":50,"column":null}},{"start":{},"end":{}}],"line":48},"5":{"loc":{"start":{"line":52,"column":2},"end":{"line":54,"column":null}},"type":"if","locations":[{"start":{"line":52,"column":2},"end":{"line":54,"column":null}},{"start":{},"end":{}}],"line":52},"6":{"loc":{"start":{"line":56,"column":2},"end":{"line":58,"column":null}},"type":"if","locations":[{"start":{"line":56,"column":2},"end":{"line":58,"column":null}},{"start":{},"end":{}}],"line":56},"7":{"loc":{"start":{"line":56,"column":6},"end":{"line":56,"column":28}},"type":"binary-expr","locations":[{"start":{"line":56,"column":6},"end":{"line":56,"column":18}},{"start":{"line":56,"column":18},"end":{"line":56,"column":28}}],"line":56}},"s":{"0":2,"1":2,"2":2,"3":2,"4":2,"5":2,"6":1,"7":1,"8":1,"9":1,"10":1,"11":1,"12":1,"13":1,"14":1,"15":0,"16":0,"17":0,"18":0,"19":0,"20":1,"21":1,"22":1,"23":1,"24":1,"25":2,"26":1,"27":1,"28":0,"29":1,"30":0,"31":1},"f":{"0":2,"1":1,"2":1,"3":1},"b":{"0":[1,0],"1":[0,0],"2":[0,0],"3":[1,0],"4":[1,1],"5":[0,1],"6":[0,1],"7":[1,1]},"meta":{"lastBranch":8,"lastFunction":4,"lastStatement":32,"seen":{"f:5:9:5:25":0,"s:6:13:6:Infinity":0,"s:7:28:7:Infinity":1,"s:8:28:8:Infinity":2,"s:9:24:9:Infinity":3,"s:10:30:10:Infinity":4,"s:12:2:46:Infinity":5,"f:12:12:12:18":1,"s:13:20:13:Infinity":6,"s:15:24:39:Infinity":7,"f:15:24:15:36":2,"s:16:6:16:Infinity":8,"s:17:6:17:Infinity":9,"s:18:6:18:Infinity":10,"s:20:6:38:Infinity":11,"s:21:21:21:Infinity":12,"b:22:8:24:Infinity:undefined:undefined:undefined:undefined":0,"s:22:8:24:Infinity":13,"s:23:10:23:Infinity":14,"b:26:8:33:Infinity:undefined:undefined:undefined:undefined":1,"s:26:8:33:Infinity":15,"b:27:10:32:Infinity:30:17:32:Infinity":2,"s:27:10:32:Infinity":16,"s:28:12:28:Infinity":17,"s:29:12:29:Infinity":18,"s:31:12:31:Infinity":19,"b:35:8:37:Infinity:undefined:undefined:undefined:undefined":3,"s:35:8:37:Infinity":20,"s:36:10:36:Infinity":21,"s:41:4:41:Infinity":22,"s:43:4:45:Infinity":23,"f:43:11:43:17":3,"s:44:6:44:Infinity":24,"b:48:2:50:Infinity:undefined:undefined:undefined:undefined":4,"s:48:2:50:Infinity":25,"s:49:4:49:Infinity":26,"b:52:2:54:Infinity:undefined:undefined:undefined:undefined":5,"s:52:2:54:Infinity":27,"s:53:4:53:Infinity":28,"b:56:2:58:Infinity:undefined:undefined:undefined:undefined":6,"s:56:2:58:Infinity":29,"b:56:6:56:18:56:18:56:28":7,"s:57:4:57:Infinity":30,"s:60:2:70:Infinity":31}}}
,"C:\\Users\\win10\\Desktop\\barber-booking\\src\\pages\\ServicesList.jsx": {"path":"C:\\Users\\win10\\Desktop\\barber-booking\\src\\pages\\ServicesList.jsx","statementMap":{"0":{"start":{"line":6,"column":30},"end":{"line":6,"column":null}},"1":{"start":{"line":7,"column":28},"end":{"line":7,"column":null}},"2":{"start":{"line":8,"column":24},"end":{"line":8,"column":null}},"3":{"start":{"line":10,"column":2},"end":{"line":38,"column":null}},"4":{"start":{"line":11,"column":20},"end":{"line":11,"column":null}},"5":{"start":{"line":13,"column":25},"end":{"line":31,"column":null}},"6":{"start":{"line":14,"column":6},"end":{"line":14,"column":null}},"7":{"start":{"line":15,"column":6},"end":{"line":15,"column":null}},"8":{"start":{"line":17,"column":6},"end":{"line":30,"column":null}},"9":{"start":{"line":18,"column":21},"end":{"line":18,"column":null}},"10":{"start":{"line":19,"column":8},"end":{"line":21,"column":null}},"11":{"start":{"line":20,"column":10},"end":{"line":20,"column":null}},"12":{"start":{"line":23,"column":8},"end":{"line":25,"column":null}},"13":{"start":{"line":24,"column":10},"end":{"line":24,"column":null}},"14":{"start":{"line":27,"column":8},"end":{"line":29,"column":null}},"15":{"start":{"line":28,"column":10},"end":{"line":28,"column":null}},"16":{"start":{"line":33,"column":4},"end":{"line":33,"column":null}},"17":{"start":{"line":35,"column":4},"end":{"line":37,"column":null}},"18":{"start":{"line":36,"column":6},"end":{"line":36,"column":null}},"19":{"start":{"line":40,"column":2},"end":{"line":42,"column":null}},"20":{"start":{"line":41,"column":4},"end":{"line":41,"column":null}},"21":{"start":{"line":44,"column":2},"end":{"line":46,"column":null}},"22":{"start":{"line":45,"column":4},"end":{"line":45,"column":null}},"23":{"start":{"line":48,"column":2},"end":{"line":58,"column":null}},"24":{"start":{"line":53,"column":10},"end":{"line":55,"column":null}}},"fnMap":{"0":{"name":"ServicesList","decl":{"start":{"line":5,"column":9},"end":{"line":5,"column":24}},"loc":{"start":{"line":5,"column":24},"end":{"line":60,"column":null}},"line":5},"1":{"name":"(anonymous_1)","decl":{"start":{"line":10,"column":12},"end":{"line":10,"column":18}},"loc":{"start":{"line":10,"column":18},"end":{"line":38,"column":5}},"line":10},"2":{"name":"(anonymous_2)","decl":{"start":{"line":13,"column":25},"end":{"line":13,"column":37}},"loc":{"start":{"line":13,"column":37},"end":{"line":31,"column":null}},"line":13},"3":{"name":"(anonymous_3)","decl":{"start":{"line":35,"column":11},"end":{"line":35,"column":17}},"loc":{"start":{"line":35,"column":17},"end":{"line":37,"column":null}},"line":35},"4":{"name":"(anonymous_4)","decl":{"start":{"line":52,"column":22},"end":{"line":52,"column":23}},"loc":{"start":{"line":53,"column":10},"end":{"line":55,"column":null}},"line":53}},"branchMap":{"0":{"loc":{"start":{"line":19,"column":8},"end":{"line":21,"column":null}},"type":"if","locations":[{"start":{"line":19,"column":8},"end":{"line":21,"column":null}},{"start":{},"end":{}}],"line":19},"1":{"loc":{"start":{"line":23,"column":8},"end":{"line":25,"column":null}},"type":"if","locations":[{"start":{"line":23,"column":8},"end":{"line":25,"column":null}},{"start":{},"end":{}}],"line":23},"2":{"loc":{"start":{"line":27,"column":8},"end":{"line":29,"column":null}},"type":"if","locations":[{"start":{"line":27,"column":8},"end":{"line":29,"column":null}},{"start":{},"end":{}}],"line":27},"3":{"loc":{"start":{"line":40,"column":2},"end":{"line":42,"column":null}},"type":"if","locations":[{"start":{"line":40,"column":2},"end":{"line":42,"column":null}},{"start":{},"end":{}}],"line":40},"4":{"loc":{"start":{"line":44,"column":2},"end":{"line":46,"column":null}},"type":"if","locations":[{"start":{"line":44,"column":2},"end":{"line":46,"column":null}},{"start":{},"end":{}}],"line":44}},"s":{"0":2,"1":2,"2":2,"3":2,"4":1,"5":1,"6":1,"7":1,"8":1,"9":1,"10":1,"11":1,"12":0,"13":0,"14":1,"15":1,"16":1,"17":1,"18":1,"19":2,"20":1,"21":1,"22":0,"23":1,"24":2},"f":{"0":2,"1":1,"2":1,"3":1,"4":2},"b":{"0":[1,0],"1":[0,0],"2":[1,0],"3":[1,1],"4":[0,1]},"meta":{"lastBranch":5,"lastFunction":5,"lastStatement":25,"seen":{"f:5:9:5:24":0,"s:6:30:6:Infinity":0,"s:7:28:7:Infinity":1,"s:8:24:8:Infinity":2,"s:10:2:38:Infinity":3,"f:10:12:10:18":1,"s:11:20:11:Infinity":4,"s:13:25:31:Infinity":5,"f:13:25:13:37":2,"s:14:6:14:Infinity":6,"s:15:6:15:Infinity":7,"s:17:6:30:Infinity":8,"s:18:21:18:Infinity":9,"b:19:8:21:Infinity:undefined:undefined:undefined:undefined":0,"s:19:8:21:Infinity":10,"s:20:10:20:Infinity":11,"b:23:8:25:Infinity:undefined:undefined:undefined:undefined":1,"s:23:8:25:Infinity":12,"s:24:10:24:Infinity":13,"b:27:8:29:Infinity:undefined:undefined:undefined:undefined":2,"s:27:8:29:Infinity":14,"s:28:10:28:Infinity":15,"s:33:4:33:Infinity":16,"s:35:4:37:Infinity":17,"f:35:11:35:17":3,"s:36:6:36:Infinity":18,"b:40:2:42:Infinity:undefined:undefined:undefined:undefined":3,"s:40:2:42:Infinity":19,"s:41:4:41:Infinity":20,"b:44:2:46:Infinity:undefined:undefined:undefined:undefined":4,"s:44:2:46:Infinity":21,"s:45:4:45:Infinity":22,"s:48:2:58:Infinity":23,"f:52:22:52:23":4,"s:53:10:55:Infinity":24}}}
,"C:\\Users\\win10\\Desktop\\barber-booking\\src\\router\\AdminRoute.jsx": {"path":"C:\\Users\\win10\\Desktop\\barber-booking\\src\\router\\AdminRoute.jsx","statementMap":{"0":{"start":{"line":5,"column":8},"end":{"line":5,"column":null}},"1":{"start":{"line":7,"column":2},"end":{"line":9,"column":null}},"2":{"start":{"line":8,"column":4},"end":{"line":8,"column":null}},"3":{"start":{"line":11,"column":2},"end":{"line":13,"column":null}},"4":{"start":{"line":12,"column":4},"end":{"line":12,"column":null}},"5":{"start":{"line":15,"column":2},"end":{"line":15,"column":null}}},"fnMap":{"0":{"name":"AdminRoute","decl":{"start":{"line":4,"column":9},"end":{"line":4,"column":20}},"loc":{"start":{"line":4,"column":34},"end":{"line":16,"column":null}},"line":4}},"branchMap":{"0":{"loc":{"start":{"line":7,"column":2},"end":{"line":9,"column":null}},"type":"if","locations":[{"start":{"line":7,"column":2},"end":{"line":9,"column":null}},{"start":{},"end":{}}],"line":7},"1":{"loc":{"start":{"line":11,"column":2},"end":{"line":13,"column":null}},"type":"if","locations":[{"start":{"line":11,"column":2},"end":{"line":13,"column":null}},{"start":{},"end":{}}],"line":11},"2":{"loc":{"start":{"line":15,"column":9},"end":{"line":15,"column":null}},"type":"binary-expr","locations":[{"start":{"line":15,"column":9},"end":{"line":15,"column":21}},{"start":{"line":15,"column":21},"end":{"line":15,"column":null}}],"line":15}},"s":{"0":0,"1":0,"2":0,"3":0,"4":0,"5":0},"f":{"0":0},"b":{"0":[0,0],"1":[0,0],"2":[0,0]},"meta":{"lastBranch":3,"lastFunction":1,"lastStatement":6,"seen":{"f:4:9:4:20":0,"s:5:8:5:Infinity":0,"b:7:2:9:Infinity:undefined:undefined:undefined:undefined":0,"s:7:2:9:Infinity":1,"s:8:4:8:Infinity":2,"b:11:2:13:Infinity:undefined:undefined:undefined:undefined":1,"s:11:2:13:Infinity":3,"s:12:4:12:Infinity":4,"s:15:2:15:Infinity":5,"b:15:9:15:21:15:21:15:Infinity":2}}}
,"C:\\Users\\win10\\Desktop\\barber-booking\\src\\router\\ProtectedRoute.jsx": {"path":"C:\\Users\\win10\\Desktop\\barber-booking\\src\\router\\ProtectedRoute.jsx","statementMap":{"0":{"start":{"line":5,"column":8},"end":{"line":5,"column":null}},"1":{"start":{"line":7,"column":2},"end":{"line":9,"column":null}},"2":{"start":{"line":8,"column":4},"end":{"line":8,"column":null}},"3":{"start":{"line":11,"column":2},"end":{"line":11,"column":null}}},"fnMap":{"0":{"name":"ProtectedRoute","decl":{"start":{"line":4,"column":9},"end":{"line":4,"column":24}},"loc":{"start":{"line":4,"column":38},"end":{"line":12,"column":null}},"line":4}},"branchMap":{"0":{"loc":{"start":{"line":7,"column":2},"end":{"line":9,"column":null}},"type":"if","locations":[{"start":{"line":7,"column":2},"end":{"line":9,"column":null}},{"start":{},"end":{}}],"line":7},"1":{"loc":{"start":{"line":11,"column":9},"end":{"line":11,"column":null}},"type":"binary-expr","locations":[{"start":{"line":11,"column":9},"end":{"line":11,"column":21}},{"start":{"line":11,"column":21},"end":{"line":11,"column":null}}],"line":11}},"s":{"0":0,"1":0,"2":0,"3":0},"f":{"0":0},"b":{"0":[0,0],"1":[0,0]},"meta":{"lastBranch":2,"lastFunction":1,"lastStatement":4,"seen":{"f:4:9:4:24":0,"s:5:8:5:Infinity":0,"b:7:2:9:Infinity:undefined:undefined:undefined:undefined":0,"s:7:2:9:Infinity":1,"s:8:4:8:Infinity":2,"s:11:2:11:Infinity":3,"b:11:9:11:21:11:21:11:Infinity":1}}}
}
